2025-03-31T19:26:48.079+09:00  INFO 34452 --- [demo] [main] com.example.demo.DemoApplication         : Starting DemoApplication using Java 17.0.14 with PID 34452 (E:\projects\spring_demo\demo\build\classes\java\main started by user in E:\projects\spring_demo\demo)
2025-03-31T19:26:48.084+09:00  INFO 34452 --- [demo] [main] com.example.demo.DemoApplication         : The following 1 profile is active: "dev"
2025-03-31T19:26:49.061+09:00  INFO 34452 --- [demo] [main] .s.d.r.c.RepositoryConfigurationDelegate : Multiple Spring Data modules found, entering strict repository configuration mode
2025-03-31T19:26:49.061+09:00  INFO 34452 --- [demo] [main] .s.d.r.c.RepositoryConfigurationDelegate : Bootstrapping Spring Data Redis repositories in DEFAULT mode.
2025-03-31T19:26:49.085+09:00  INFO 34452 --- [demo] [main] .s.d.r.c.RepositoryConfigurationDelegate : Finished Spring Data repository scanning in 4 ms. Found 0 Redis repository interfaces.
2025-03-31T19:26:49.091+09:00  INFO 34452 --- [demo] [main] .s.d.r.c.RepositoryConfigurationDelegate : Multiple Spring Data modules found, entering strict repository configuration mode
2025-03-31T19:26:49.091+09:00  INFO 34452 --- [demo] [main] .s.d.r.c.RepositoryConfigurationDelegate : Bootstrapping Spring Data JPA repositories in DEFAULT mode.
2025-03-31T19:26:49.225+09:00  INFO 34452 --- [demo] [main] .RepositoryConfigurationExtensionSupport : Spring Data JPA - Could not safely identify store assignment for repository candidate interface com.example.demo.api.status.StatusRepository; If you want this repository to be a JPA repository, consider annotating your entities with one of these annotations: jakarta.persistence.Entity, jakarta.persistence.MappedSuperclass (preferred), or consider extending one of the following types with your repository: org.springframework.data.jpa.repository.JpaRepository
2025-03-31T19:26:49.241+09:00  INFO 34452 --- [demo] [main] .s.d.r.c.RepositoryConfigurationDelegate : Finished Spring Data repository scanning in 145 ms. Found 1 JPA repository interface.
2025-03-31T19:26:49.528+09:00  INFO 34452 --- [demo] [main] .s.d.r.c.RepositoryConfigurationDelegate : Multiple Spring Data modules found, entering strict repository configuration mode
2025-03-31T19:26:49.528+09:00  INFO 34452 --- [demo] [main] .s.d.r.c.RepositoryConfigurationDelegate : Bootstrapping Spring Data Redis repositories in DEFAULT mode.
2025-03-31T19:26:49.546+09:00  INFO 34452 --- [demo] [main] .RepositoryConfigurationExtensionSupport : Spring Data Redis - Could not safely identify store assignment for repository candidate interface com.example.demo.api.keyword.apicount.ApiCountRepository; If you want this repository to be a Redis repository, consider annotating your entities with one of these annotations: org.springframework.data.redis.core.RedisHash (preferred), or consider extending one of the following types with your repository: org.springframework.data.keyvalue.repository.KeyValueRepository
2025-03-31T19:26:49.555+09:00  INFO 34452 --- [demo] [main] .s.d.r.c.RepositoryConfigurationDelegate : Finished Spring Data repository scanning in 25 ms. Found 1 Redis repository interface.
2025-03-31T19:26:50.212+09:00  INFO 34452 --- [demo] [main] o.s.b.w.embedded.tomcat.TomcatWebServer  : Tomcat initialized with port 8888 (http)
2025-03-31T19:26:50.224+09:00  INFO 34452 --- [demo] [main] o.apache.catalina.core.StandardService   : Starting service [Tomcat]
2025-03-31T19:26:50.224+09:00  INFO 34452 --- [demo] [main] o.apache.catalina.core.StandardEngine    : Starting Servlet engine: [Apache Tomcat/10.1.36]
2025-03-31T19:26:50.310+09:00  INFO 34452 --- [demo] [main] o.a.c.c.C.[Tomcat].[localhost].[/]       : Initializing Spring embedded WebApplicationContext
2025-03-31T19:26:50.310+09:00  INFO 34452 --- [demo] [main] w.s.c.ServletWebServerApplicationContext : Root WebApplicationContext: initialization completed in 2174 ms
2025-03-31T19:26:50.524+09:00  INFO 34452 --- [demo] [main] com.zaxxer.hikari.HikariDataSource       : HikariPool-1 - Starting...
2025-03-31T19:26:50.672+09:00  INFO 34452 --- [demo] [main] com.zaxxer.hikari.pool.HikariPool        : HikariPool-1 - Added connection com.mysql.cj.jdbc.ConnectionImpl@7c3c3d67
2025-03-31T19:26:50.674+09:00  INFO 34452 --- [demo] [main] com.zaxxer.hikari.HikariDataSource       : HikariPool-1 - Start completed.
2025-03-31T19:26:50.728+09:00  INFO 34452 --- [demo] [main] o.hibernate.jpa.internal.util.LogHelper  : HHH000204: Processing PersistenceUnitInfo [name: default]
2025-03-31T19:26:50.787+09:00  INFO 34452 --- [demo] [main] org.hibernate.Version                    : HHH000412: Hibernate ORM core version 6.6.8.Final
2025-03-31T19:26:50.821+09:00  INFO 34452 --- [demo] [main] o.h.c.internal.RegionFactoryInitiator    : HHH000026: Second-level cache disabled
2025-03-31T19:26:51.094+09:00  INFO 34452 --- [demo] [main] o.s.o.j.p.SpringPersistenceUnitInfo      : No LoadTimeWeaver setup: ignoring JPA class transformer
2025-03-31T19:26:51.158+09:00  WARN 34452 --- [demo] [main] org.hibernate.orm.deprecation            : HHH90000025: MySQL8Dialect does not need to be specified explicitly using 'hibernate.dialect' (remove the property setting and it will be selected by default)
2025-03-31T19:26:51.159+09:00  WARN 34452 --- [demo] [main] org.hibernate.orm.deprecation            : HHH90000026: MySQL8Dialect has been deprecated; use org.hibernate.dialect.MySQLDialect instead
2025-03-31T19:26:51.171+09:00  INFO 34452 --- [demo] [main] org.hibernate.orm.connections.pooling    : HHH10001005: Database info:
	Database JDBC URL [Connecting through datasource 'HikariDataSource (HikariPool-1)']
	Database driver: undefined/unknown
	Database version: 8.0
	Autocommit mode: undefined/unknown
	Isolation level: undefined/unknown
	Minimum pool size: undefined/unknown
	Maximum pool size: undefined/unknown
2025-03-31T19:26:51.862+09:00  INFO 34452 --- [demo] [main] o.h.e.t.j.p.i.JtaPlatformInitiator       : HHH000489: No JTA platform available (set 'hibernate.transaction.jta.platform' to enable JTA platform integration)
2025-03-31T19:26:51.865+09:00  INFO 34452 --- [demo] [main] j.LocalContainerEntityManagerFactoryBean : Initialized JPA EntityManagerFactory for persistence unit 'default'
2025-03-31T19:26:52.753+09:00  WARN 34452 --- [demo] [main] JpaBaseConfiguration$JpaWebConfiguration : spring.jpa.open-in-view is enabled by default. Therefore, database queries may be performed during view rendering. Explicitly configure spring.jpa.open-in-view to disable this warning
2025-03-31T19:26:52.859+09:00  WARN 34452 --- [demo] [main] o.s.w.s.resource.ResourceHandlerUtils    : Appended trailing slash to static resource location: file:///E:\projects\spring_demo\demo\src\main\resources\data\result\/
2025-03-31T19:26:52.859+09:00  WARN 34452 --- [demo] [main] o.s.w.s.resource.ResourceHandlerUtils    : Appended trailing slash to static resource location: file:///E:\projects\spring_demo\demo\src\main\resources\data\input\/
2025-03-31T19:26:53.407+09:00  INFO 34452 --- [demo] [main] o.s.b.a.e.web.EndpointLinksResolver      : Exposing 1 endpoint beneath base path '/actuator'
2025-03-31T19:26:53.518+09:00  INFO 34452 --- [demo] [main] o.s.b.w.embedded.tomcat.TomcatWebServer  : Tomcat started on port 8888 (http) with context path '/'
2025-03-31T19:26:53.519+09:00  INFO 34452 --- [demo] [main] o.s.a.r.c.CachingConnectionFactory       : Attempting to connect to: 192.168.75.252:5672
2025-03-31T19:26:53.580+09:00  INFO 34452 --- [demo] [main] o.s.a.r.c.CachingConnectionFactory       : Created new connection: connectionFactory#54c15e:0/SimpleConnection@686a192d [delegate=amqp://user@192.168.75.252:5672/, localPort=5276]
2025-03-31T19:26:53.586+09:00  INFO 34452 --- [demo] [main] o.s.amqp.rabbit.core.RabbitAdmin         : Auto-declaring a non-durable, auto-delete, or exclusive Queue (keyword) durable:false, auto-delete:false, exclusive:false. It will be redeclared if the broker stops and is restarted while the connection factory is alive, but all messages will be lost.
2025-03-31T19:26:53.592+09:00  INFO 34452 --- [demo] [http-nio-0.0.0.0-8888-exec-1] o.a.c.c.C.[Tomcat].[localhost].[/]       : Initializing Spring DispatcherServlet 'dispatcherServlet'
2025-03-31T19:26:53.592+09:00  INFO 34452 --- [demo] [http-nio-0.0.0.0-8888-exec-1] o.s.web.servlet.DispatcherServlet        : Initializing Servlet 'dispatcherServlet'
2025-03-31T19:26:53.594+09:00  INFO 34452 --- [demo] [http-nio-0.0.0.0-8888-exec-1] o.s.web.servlet.DispatcherServlet        : Completed initialization in 1 ms
2025-03-31T19:26:53.660+09:00  INFO 34452 --- [demo] [main] com.example.demo.DemoApplication         : Started DemoApplication in 5.996 seconds (process running for 10.774)
2025-03-31T19:29:22.531+09:00  INFO 34452 --- [demo] [org.springframework.amqp.rabbit.RabbitListenerEndpointContainer#0-2] o.s.a.r.l.SimpleMessageListenerContainer : Waiting for workers to finish.
2025-03-31T19:29:22.642+09:00  INFO 34452 --- [demo] [org.springframework.amqp.rabbit.RabbitListenerEndpointContainer#0-2] o.s.a.r.l.SimpleMessageListenerContainer : Successfully waited for workers to finish.
2025-03-31T19:29:22.643+09:00  INFO 34452 --- [demo] [SpringApplicationShutdownHook] o.s.b.w.e.tomcat.GracefulShutdown        : Commencing graceful shutdown. Waiting for active requests to complete
2025-03-31T19:29:22.902+09:00  INFO 34452 --- [demo] [tomcat-shutdown] o.s.b.w.e.tomcat.GracefulShutdown        : Graceful shutdown complete
2025-03-31T19:29:23.034+09:00  INFO 34452 --- [demo] [SpringApplicationShutdownHook] j.LocalContainerEntityManagerFactoryBean : Closing JPA EntityManagerFactory for persistence unit 'default'
2025-03-31T19:29:23.037+09:00  INFO 34452 --- [demo] [SpringApplicationShutdownHook] com.zaxxer.hikari.HikariDataSource       : HikariPool-1 - Shutdown initiated...
2025-03-31T19:29:23.045+09:00  INFO 34452 --- [demo] [SpringApplicationShutdownHook] com.zaxxer.hikari.HikariDataSource       : HikariPool-1 - Shutdown completed.
2025-03-31T19:29:26.442+09:00  INFO 37092 --- [demo] [main] com.example.demo.DemoApplication         : Starting DemoApplication using Java 17.0.14 with PID 37092 (E:\projects\spring_demo\demo\build\classes\java\main started by user in E:\projects\spring_demo\demo)
2025-03-31T19:29:26.443+09:00  INFO 37092 --- [demo] [main] com.example.demo.DemoApplication         : The following 1 profile is active: "dev"
2025-03-31T19:29:26.952+09:00  INFO 37092 --- [demo] [main] .s.d.r.c.RepositoryConfigurationDelegate : Multiple Spring Data modules found, entering strict repository configuration mode
2025-03-31T19:29:26.952+09:00  INFO 37092 --- [demo] [main] .s.d.r.c.RepositoryConfigurationDelegate : Bootstrapping Spring Data Redis repositories in DEFAULT mode.
2025-03-31T19:29:26.969+09:00  INFO 37092 --- [demo] [main] .s.d.r.c.RepositoryConfigurationDelegate : Finished Spring Data repository scanning in 4 ms. Found 0 Redis repository interfaces.
2025-03-31T19:29:26.975+09:00  INFO 37092 --- [demo] [main] .s.d.r.c.RepositoryConfigurationDelegate : Multiple Spring Data modules found, entering strict repository configuration mode
2025-03-31T19:29:26.975+09:00  INFO 37092 --- [demo] [main] .s.d.r.c.RepositoryConfigurationDelegate : Bootstrapping Spring Data JPA repositories in DEFAULT mode.
2025-03-31T19:29:27.081+09:00  INFO 37092 --- [demo] [main] .RepositoryConfigurationExtensionSupport : Spring Data JPA - Could not safely identify store assignment for repository candidate interface com.example.demo.api.status.StatusRepository; If you want this repository to be a JPA repository, consider annotating your entities with one of these annotations: jakarta.persistence.Entity, jakarta.persistence.MappedSuperclass (preferred), or consider extending one of the following types with your repository: org.springframework.data.jpa.repository.JpaRepository
2025-03-31T19:29:27.097+09:00  INFO 37092 --- [demo] [main] .s.d.r.c.RepositoryConfigurationDelegate : Finished Spring Data repository scanning in 118 ms. Found 1 JPA repository interface.
2025-03-31T19:29:27.355+09:00  INFO 37092 --- [demo] [main] .s.d.r.c.RepositoryConfigurationDelegate : Multiple Spring Data modules found, entering strict repository configuration mode
2025-03-31T19:29:27.355+09:00  INFO 37092 --- [demo] [main] .s.d.r.c.RepositoryConfigurationDelegate : Bootstrapping Spring Data Redis repositories in DEFAULT mode.
2025-03-31T19:29:27.370+09:00  INFO 37092 --- [demo] [main] .RepositoryConfigurationExtensionSupport : Spring Data Redis - Could not safely identify store assignment for repository candidate interface com.example.demo.api.keyword.apicount.ApiCountRepository; If you want this repository to be a Redis repository, consider annotating your entities with one of these annotations: org.springframework.data.redis.core.RedisHash (preferred), or consider extending one of the following types with your repository: org.springframework.data.keyvalue.repository.KeyValueRepository
2025-03-31T19:29:27.379+09:00  INFO 37092 --- [demo] [main] .s.d.r.c.RepositoryConfigurationDelegate : Finished Spring Data repository scanning in 22 ms. Found 1 Redis repository interface.
2025-03-31T19:29:27.924+09:00  INFO 37092 --- [demo] [main] o.s.b.w.embedded.tomcat.TomcatWebServer  : Tomcat initialized with port 8888 (http)
2025-03-31T19:29:27.934+09:00  INFO 37092 --- [demo] [main] o.apache.catalina.core.StandardService   : Starting service [Tomcat]
2025-03-31T19:29:27.934+09:00  INFO 37092 --- [demo] [main] o.apache.catalina.core.StandardEngine    : Starting Servlet engine: [Apache Tomcat/10.1.36]
2025-03-31T19:29:28.019+09:00  INFO 37092 --- [demo] [main] o.a.c.c.C.[Tomcat].[localhost].[/]       : Initializing Spring embedded WebApplicationContext
2025-03-31T19:29:28.020+09:00  INFO 37092 --- [demo] [main] w.s.c.ServletWebServerApplicationContext : Root WebApplicationContext: initialization completed in 1538 ms
2025-03-31T19:29:28.207+09:00  INFO 37092 --- [demo] [main] com.zaxxer.hikari.HikariDataSource       : HikariPool-1 - Starting...
2025-03-31T19:29:28.323+09:00  INFO 37092 --- [demo] [main] com.zaxxer.hikari.pool.HikariPool        : HikariPool-1 - Added connection com.mysql.cj.jdbc.ConnectionImpl@5d58dc61
2025-03-31T19:29:28.324+09:00  INFO 37092 --- [demo] [main] com.zaxxer.hikari.HikariDataSource       : HikariPool-1 - Start completed.
2025-03-31T19:29:28.367+09:00  INFO 37092 --- [demo] [main] o.hibernate.jpa.internal.util.LogHelper  : HHH000204: Processing PersistenceUnitInfo [name: default]
2025-03-31T19:29:28.405+09:00  INFO 37092 --- [demo] [main] org.hibernate.Version                    : HHH000412: Hibernate ORM core version 6.6.8.Final
2025-03-31T19:29:28.433+09:00  INFO 37092 --- [demo] [main] o.h.c.internal.RegionFactoryInitiator    : HHH000026: Second-level cache disabled
2025-03-31T19:29:28.658+09:00  INFO 37092 --- [demo] [main] o.s.o.j.p.SpringPersistenceUnitInfo      : No LoadTimeWeaver setup: ignoring JPA class transformer
2025-03-31T19:29:28.713+09:00  WARN 37092 --- [demo] [main] org.hibernate.orm.deprecation            : HHH90000025: MySQL8Dialect does not need to be specified explicitly using 'hibernate.dialect' (remove the property setting and it will be selected by default)
2025-03-31T19:29:28.714+09:00  WARN 37092 --- [demo] [main] org.hibernate.orm.deprecation            : HHH90000026: MySQL8Dialect has been deprecated; use org.hibernate.dialect.MySQLDialect instead
2025-03-31T19:29:28.725+09:00  INFO 37092 --- [demo] [main] org.hibernate.orm.connections.pooling    : HHH10001005: Database info:
	Database JDBC URL [Connecting through datasource 'HikariDataSource (HikariPool-1)']
	Database driver: undefined/unknown
	Database version: 8.0
	Autocommit mode: undefined/unknown
	Isolation level: undefined/unknown
	Minimum pool size: undefined/unknown
	Maximum pool size: undefined/unknown
2025-03-31T19:29:29.303+09:00  INFO 37092 --- [demo] [main] o.h.e.t.j.p.i.JtaPlatformInitiator       : HHH000489: No JTA platform available (set 'hibernate.transaction.jta.platform' to enable JTA platform integration)
2025-03-31T19:29:29.305+09:00  INFO 37092 --- [demo] [main] j.LocalContainerEntityManagerFactoryBean : Initialized JPA EntityManagerFactory for persistence unit 'default'
2025-03-31T19:29:30.051+09:00  WARN 37092 --- [demo] [main] JpaBaseConfiguration$JpaWebConfiguration : spring.jpa.open-in-view is enabled by default. Therefore, database queries may be performed during view rendering. Explicitly configure spring.jpa.open-in-view to disable this warning
2025-03-31T19:29:30.143+09:00  WARN 37092 --- [demo] [main] o.s.w.s.resource.ResourceHandlerUtils    : Appended trailing slash to static resource location: file:///E:\projects\spring_demo\demo\src\main\resources\data\result\/
2025-03-31T19:29:30.144+09:00  WARN 37092 --- [demo] [main] o.s.w.s.resource.ResourceHandlerUtils    : Appended trailing slash to static resource location: file:///E:\projects\spring_demo\demo\src\main\resources\data\input\/
2025-03-31T19:29:30.631+09:00  INFO 37092 --- [demo] [main] o.s.b.a.e.web.EndpointLinksResolver      : Exposing 1 endpoint beneath base path '/actuator'
2025-03-31T19:29:30.728+09:00  INFO 37092 --- [demo] [main] o.s.b.w.embedded.tomcat.TomcatWebServer  : Tomcat started on port 8888 (http) with context path '/'
2025-03-31T19:29:30.729+09:00  INFO 37092 --- [demo] [main] o.s.a.r.c.CachingConnectionFactory       : Attempting to connect to: 192.168.75.252:5672
2025-03-31T19:29:30.776+09:00  INFO 37092 --- [demo] [main] o.s.a.r.c.CachingConnectionFactory       : Created new connection: connectionFactory#276ac94c:0/SimpleConnection@418f5f63 [delegate=amqp://user@192.168.75.252:5672/, localPort=5567]
2025-03-31T19:29:30.782+09:00  INFO 37092 --- [demo] [main] o.s.amqp.rabbit.core.RabbitAdmin         : Auto-declaring a non-durable, auto-delete, or exclusive Queue (keyword) durable:false, auto-delete:false, exclusive:false. It will be redeclared if the broker stops and is restarted while the connection factory is alive, but all messages will be lost.
2025-03-31T19:29:30.858+09:00  INFO 37092 --- [demo] [main] com.example.demo.DemoApplication         : Started DemoApplication in 4.75 seconds (process running for 5.418)
2025-03-31T19:29:31.249+09:00  INFO 37092 --- [demo] [RMI TCP Connection(1)-192.168.75.150] o.a.c.c.C.[Tomcat].[localhost].[/]       : Initializing Spring DispatcherServlet 'dispatcherServlet'
2025-03-31T19:29:31.249+09:00  INFO 37092 --- [demo] [RMI TCP Connection(1)-192.168.75.150] o.s.web.servlet.DispatcherServlet        : Initializing Servlet 'dispatcherServlet'
2025-03-31T19:29:31.251+09:00  INFO 37092 --- [demo] [RMI TCP Connection(1)-192.168.75.150] o.s.web.servlet.DispatcherServlet        : Completed initialization in 2 ms
2025-03-31T20:45:52.295+09:00  INFO 37092 --- [demo] [org.springframework.amqp.rabbit.RabbitListenerEndpointContainer#0-2] o.s.a.r.l.SimpleMessageListenerContainer : Waiting for workers to finish.
2025-03-31T20:45:53.198+09:00  INFO 37092 --- [demo] [org.springframework.amqp.rabbit.RabbitListenerEndpointContainer#0-2] o.s.a.r.l.SimpleMessageListenerContainer : Successfully waited for workers to finish.
2025-03-31T20:45:53.199+09:00  INFO 37092 --- [demo] [SpringApplicationShutdownHook] o.s.b.w.e.tomcat.GracefulShutdown        : Commencing graceful shutdown. Waiting for active requests to complete
2025-03-31T20:45:53.432+09:00  INFO 37092 --- [demo] [tomcat-shutdown] o.s.b.w.e.tomcat.GracefulShutdown        : Graceful shutdown complete
2025-03-31T20:45:53.597+09:00  INFO 37092 --- [demo] [SpringApplicationShutdownHook] j.LocalContainerEntityManagerFactoryBean : Closing JPA EntityManagerFactory for persistence unit 'default'
2025-03-31T20:45:53.605+09:00  INFO 37092 --- [demo] [SpringApplicationShutdownHook] com.zaxxer.hikari.HikariDataSource       : HikariPool-1 - Shutdown initiated...
2025-03-31T20:45:53.614+09:00  INFO 37092 --- [demo] [SpringApplicationShutdownHook] com.zaxxer.hikari.HikariDataSource       : HikariPool-1 - Shutdown completed.
